Neoray v0.2.5 Crash Report
Build Type: Release
Start Time: 2024-10-22 18:11:36 1729620696473
Crash Time: 2024-10-22 18:11:36 1729620696474

Neoray is crashed because of the following reason:
[FATAL] specify filename after --file

Stack trace:
goroutine 1 [running, locked to thread]:
github.com/hismailbulut/Neoray/pkg/logger.createCrashReport({0xc00017c0c0, 0x25}, 0xcb?)
	D:/a/Neoray/Neoray/pkg/logger/logger.go:101 +0x3e5
github.com/hismailbulut/Neoray/pkg/logger.Log(0x4, {0xc0000c9ea8, 0x1, 0x1})
	D:/a/Neoray/Neoray/pkg/logger/logger.go:135 +0x3df
main.main()
	D:/a/Neoray/Neoray/cmd/neoray/main.go:43 +0x27e

goroutine 19 [syscall, locked to thread]:
syscall.SyscallN(0x7ffd89f04fd0?, {0xc0000698a0?, 0x3?, 0x0?})
	C:/hostedtoolcache/windows/go/1.20.11/x64/src/runtime/syscall_windows.go:557 +0x109
syscall.Syscall(0xc00008aae0?, 0x0?, 0x0?, 0x0?, 0x0?)
	C:/hostedtoolcache/windows/go/1.20.11/x64/src/runtime/syscall_windows.go:495 +0x3b
syscall.findNextFile1(0xc000069970?, 0x7ff6b3db5b90?)
	C:/hostedtoolcache/windows/go/1.20.11/x64/src/syscall/zsyscall_windows.go:625 +0x6c
syscall.FindNextFile(0xc0000782b4?, 0xc000078288)
	C:/hostedtoolcache/windows/go/1.20.11/x64/src/syscall/syscall_windows.go:1144 +0x5d
os.(*File).readdir(0xc00000a010, 0xffffffffffffffff, 0x0)
	C:/hostedtoolcache/windows/go/1.20.11/x64/src/os/dir_windows.go:31 +0x2c5
os.(*File).Readdirnames(0xc0000aa180?, 0x10?)
	C:/hostedtoolcache/windows/go/1.20.11/x64/src/os/dir.go:70 +0x25
path/filepath.readDirNames({0xc0000aa180?, 0x0?})
	C:/hostedtoolcache/windows/go/1.20.11/x64/src/path/filepath/path.go:595 +0x45
path/filepath.walk({0xc0000aa180, 0x10}, {0x7ff6b43de1c0, 0xc000076000}, 0xc000069e88)
	C:/hostedtoolcache/windows/go/1.20.11/x64/src/path/filepath/path.go:476 +0x74
path/filepath.Walk({0xc0000aa180, 0x10}, 0xc000069e88)
	C:/hostedtoolcache/windows/go/1.20.11/x64/src/path/filepath/path.go:564 +0x6c
github.com/adrg/sysfont.NewFinder(0x0?)
	C:/Users/runneradmin/go/pkg/mod/github.com/adrg/sysfont@v0.1.2/finder.go:63 +0x130
github.com/hismailbulut/Neoray/pkg/fontfinder.init.0.func1()
	D:/a/Neoray/Neoray/pkg/fontfinder/fontfinder.go:56 +0x133
created by github.com/hismailbulut/Neoray/pkg/fontfinder.init.0
	D:/a/Neoray/Neoray/pkg/fontfinder/fontfinder.go:53 +0x25
